{"level":"error","timestamp":"2023-07-07T12:41:49.074Z"}
{"level":"error","timestamp":"2023-07-07T12:42:13.366Z"}
{"level":"error","timestamp":"2023-07-07T12:42:30.487Z"}
{"level":"error","timestamp":"2023-07-10T12:59:21.661Z"}
{"level":"error","timestamp":"2023-07-10T13:00:27.840Z"}
{"level":"error","timestamp":"2023-07-10T13:01:44.910Z"}
{"level":"error","timestamp":"2023-07-10T13:02:20.610Z"}
{"level":"error","timestamp":"2023-07-10T13:03:28.366Z"}
{"level":"error","timestamp":"2023-07-10T13:05:50.854Z"}
{"level":"error","timestamp":"2023-07-10T13:07:20.032Z"}
{"level":"error","timestamp":"2023-07-10T13:08:34.073Z"}
{"level":"error","timestamp":"2023-07-10T13:10:30.014Z"}
{"level":"error","timestamp":"2023-07-10T13:12:09.898Z"}
{"level":"error","timestamp":"2023-07-10T13:13:05.404Z"}
{"level":"error","timestamp":"2023-07-10T13:13:59.911Z"}
{"level":"error","timestamp":"2023-07-10T13:14:38.202Z"}
{"level":"error","timestamp":"2023-07-10T13:16:09.190Z"}
{"level":"error","timestamp":"2023-07-10T13:17:04.347Z"}
{"level":"error","timestamp":"2023-07-10T13:18:17.500Z"}
{"level":"error","timestamp":"2023-07-10T13:19:02.527Z"}
{"level":"error","timestamp":"2023-07-10T13:31:22.481Z"}
{"level":"error","timestamp":"2023-07-10T13:32:37.213Z"}
{"level":"error","timestamp":"2023-07-10T13:36:16.738Z"}
{"level":"error","timestamp":"2023-07-10T13:55:58.187Z"}
{"level":"error","timestamp":"2023-07-10T13:57:41.903Z"}
{"level":"error","timestamp":"2023-07-10T14:09:00.322Z"}
{"level":"error","timestamp":"2023-07-10T14:10:55.319Z"}
{"level":"error","timestamp":"2023-07-10T14:11:45.715Z"}
{"level":"error","timestamp":"2023-07-10T14:15:32.032Z"}
{"level":"error","timestamp":"2023-07-10T14:41:17.721Z"}
{"level":"error","timestamp":"2023-07-10T14:42:47.096Z"}
{"level":"error","timestamp":"2023-07-10T14:44:25.273Z"}
{"level":"error","timestamp":"2023-07-11T08:07:00.838Z"}
{"level":"error","timestamp":"2023-07-12T10:03:48.208Z"}
{"level":"error","timestamp":"2023-07-12T10:05:13.751Z"}
{"level":"error","timestamp":"2023-07-12T10:05:44.191Z"}
{"level":"error","timestamp":"2023-07-12T10:06:08.682Z"}
{"level":"error","timestamp":"2023-07-12T10:06:43.084Z"}
{"level":"\u001b[31merror\u001b[39m","timestamp":"2023-07-12T14:11:56.641Z"}
{"level":"\u001b[31merror\u001b[39m","timestamp":"2023-07-12T14:12:26.287Z"}
{"level":"\u001b[31merror\u001b[39m","timestamp":"2023-07-12T14:13:21.747Z"}
{"level":"\u001b[31merror\u001b[39m","timestamp":"2023-07-12T14:14:58.028Z"}
{"level":"\u001b[31merror\u001b[39m","timestamp":"2023-07-12T14:15:20.742Z"}
{"level":"\u001b[31merror\u001b[39m","timestamp":"2023-07-12T14:17:54.846Z"}
{"level":"\u001b[31merror\u001b[39m","message":"cryptLib._encryptDecrypt: -> key and plain or encrypted text required","timestamp":"2023-07-12T14:29:44.892Z"}
{"level":"\u001b[31merror\u001b[39m","message":"cryptLib._encryptDecrypt: -> key and plain or encrypted text required","timestamp":"2023-07-12T14:33:37.181Z"}
{"level":"\u001b[31merror\u001b[39m","message":"cryptLib._encryptDecrypt: -> key and plain or encrypted text required","timestamp":"2023-07-12T14:36:51.549Z"}
{"level":"\u001b[31merror\u001b[39m","message":"cryptLib._encryptDecrypt: -> key and plain or encrypted text required","timestamp":"2023-07-12T14:36:58.813Z"}
{"level":"\u001b[31merror\u001b[39m","message":"cryptLib._encryptDecrypt: -> key and plain or encrypted text required","timestamp":"2023-07-12T14:38:37.959Z"}
{"code":"ERR_OSSL_WRONG_FINAL_BLOCK_LENGTH","level":"\u001b[31merror\u001b[39m","library":"Provider routines","reason":"wrong final block length","timestamp":"2023-07-13T05:08:42.404Z"}
{"code":"ERR_OSSL_WRONG_FINAL_BLOCK_LENGTH","level":"\u001b[31merror\u001b[39m","library":"Provider routines","reason":"wrong final block length","timestamp":"2023-07-13T05:09:35.672Z"}
{"code":"ERR_OSSL_WRONG_FINAL_BLOCK_LENGTH","level":"\u001b[31merror\u001b[39m","library":"Provider routines","reason":"wrong final block length","timestamp":"2023-07-13T05:10:01.201Z"}
{"level":"\u001b[31merror\u001b[39m","message":"cryptLib._encryptDecrypt: -> key and plain or encrypted text required","timestamp":"2023-07-13T05:18:19.641Z"}
{"level":"\u001b[31merror\u001b[39m","timestamp":"2023-07-13T05:22:26.391Z"}
{"level":"\u001b[31merror\u001b[39m","timestamp":"2023-07-13T05:23:30.351Z"}
{"level":"\u001b[31merror\u001b[39m","timestamp":"2023-07-13T05:23:53.777Z"}
{"level":"\u001b[31merror\u001b[39m","message":"error:1C80006B:Provider routines::wrong final block length","timestamp":"2023-07-13T05:27:22.844Z"}
{"level":"\u001b[31merror\u001b[39m","timestamp":"2023-07-13T05:42:37.498Z"}
{"level":"\u001b[31merror\u001b[39m","timestamp":"2023-07-13T06:03:23.663Z"}
{"level":"\u001b[31merror\u001b[39m","timestamp":"2023-07-13T06:05:01.149Z"}
{"level":"\u001b[31merror\u001b[39m","timestamp":"2023-07-13T06:05:40.782Z"}
{"level":"\u001b[31merror\u001b[39m","timestamp":"2023-07-13T06:06:49.102Z"}
{"level":"\u001b[31merror\u001b[39m","timestamp":"2023-07-13T06:10:04.405Z"}
{"level":"\u001b[31merror\u001b[39m","timestamp":"2023-07-13T06:17:20.131Z"}
{"level":"\u001b[31merror\u001b[39m","timestamp":"2023-07-13T06:20:18.735Z"}
{"level":"\u001b[31merror\u001b[39m","timestamp":"2023-07-13T06:22:18.193Z"}
{"level":"\u001b[31merror\u001b[39m","timestamp":"2023-07-13T06:24:22.902Z"}
{"level":"\u001b[31merror\u001b[39m","timestamp":"2023-07-13T06:24:46.435Z"}
{"level":"\u001b[31merror\u001b[39m","timestamp":"2023-07-13T06:25:38.095Z"}
{"level":"\u001b[31merror\u001b[39m","timestamp":"2023-07-13T06:26:07.409Z"}
{"level":"\u001b[31merror\u001b[39m","message":"Cannot convert undefined or null to object","timestamp":"2023-07-13T12:33:42.292Z"}
{"level":"\u001b[31merror\u001b[39m","message":"Cannot convert undefined or null to object","timestamp":"2023-07-13T12:38:41.861Z"}
{"level":"\u001b[31merror\u001b[39m","message":"Cannot convert undefined or null to object","timestamp":"2023-07-13T13:49:57.102Z"}
{"level":"\u001b[31merror\u001b[39m","message":"Cannot convert undefined or null to object","timestamp":"2023-07-14T05:19:57.597Z"}
{"level":"\u001b[31merror\u001b[39m","message":"Cannot convert undefined or null to object","timestamp":"2023-07-14T05:20:43.635Z"}
{"level":"\u001b[31merror\u001b[39m","message":"Cannot convert undefined or null to object","timestamp":"2023-07-14T05:21:08.271Z"}
{"level":"\u001b[31merror\u001b[39m","message":"Cannot convert undefined or null to object","timestamp":"2023-07-14T05:21:56.472Z"}
{"level":"\u001b[31merror\u001b[39m","message":"Cannot convert undefined or null to object","timestamp":"2023-07-14T05:22:49.215Z"}
{"level":"\u001b[31merror\u001b[39m","message":"Cannot convert undefined or null to object","timestamp":"2023-07-14T05:23:49.925Z"}
{"level":"\u001b[31merror\u001b[39m","message":"Cannot convert undefined or null to object","timestamp":"2023-07-14T05:24:51.934Z"}
{"level":"\u001b[31merror\u001b[39m","message":"Cannot convert undefined or null to object","timestamp":"2023-07-14T05:25:03.378Z"}
{"level":"\u001b[31merror\u001b[39m","message":"Cannot convert undefined or null to object","timestamp":"2023-07-14T05:28:04.374Z"}
{"level":"\u001b[31merror\u001b[39m","message":"Cannot convert undefined or null to object","timestamp":"2023-07-14T05:30:49.791Z"}
{"level":"\u001b[31merror\u001b[39m","message":"Cannot convert undefined or null to object","timestamp":"2023-07-14T05:35:26.438Z"}
{"level":"\u001b[31merror\u001b[39m","message":"Cannot convert undefined or null to object","timestamp":"2023-07-14T05:35:43.313Z"}
{"level":"\u001b[31merror\u001b[39m","message":"Cannot convert undefined or null to object","timestamp":"2023-07-14T05:37:27.980Z"}
{"level":"\u001b[31merror\u001b[39m","message":"Cannot convert undefined or null to object","timestamp":"2023-07-14T05:38:18.028Z"}
{"level":"\u001b[31merror\u001b[39m","message":"Cannot convert undefined or null to object","timestamp":"2023-07-14T05:39:17.095Z"}
{"level":"\u001b[31merror\u001b[39m","message":"Cannot convert undefined or null to object","timestamp":"2023-07-14T05:39:53.487Z"}
{"level":"\u001b[31merror\u001b[39m","message":"Cannot convert undefined or null to object","timestamp":"2023-07-14T06:50:01.157Z"}
{"level":"\u001b[31merror\u001b[39m","message":"(intermediate value)(intermediate value).forEach is not a function","timestamp":"2023-07-14T07:03:09.421Z"}
{"level":"\u001b[31merror\u001b[39m","message":"Cannot convert undefined or null to object","timestamp":"2023-07-17T08:33:30.219Z"}
{"level":"\u001b[31merror\u001b[39m","message":"Cannot convert undefined or null to object","timestamp":"2023-07-17T08:36:48.481Z"}
{"level":"\u001b[31merror\u001b[39m","message":"Cannot convert undefined or null to object","timestamp":"2023-07-17T10:47:51.385Z"}
{"level":"\u001b[31merror\u001b[39m","message":"Cannot convert undefined or null to object","timestamp":"2023-07-17T11:07:41.074Z"}
{"level":"\u001b[31merror\u001b[39m","message":"Cannot convert undefined or null to object","timestamp":"2023-07-18T08:15:08.747Z"}
{"level":"\u001b[31merror\u001b[39m","message":"res.status is not a function","timestamp":"2023-07-18T08:27:29.479Z"}
{"level":"\u001b[31merror\u001b[39m","message":"res.status is not a function","timestamp":"2023-07-18T08:31:53.053Z"}
{"level":"\u001b[31merror\u001b[39m","message":"Cannot convert undefined or null to object","timestamp":"2023-07-18T13:56:53.864Z"}
{"level":"\u001b[31merror\u001b[39m","message":"Cannot convert undefined or null to object","timestamp":"2023-07-18T14:01:04.958Z"}
{"level":"\u001b[31merror\u001b[39m","message":"Cannot convert undefined or null to object","timestamp":"2023-07-18T14:04:05.202Z"}
{"level":"\u001b[31merror\u001b[39m","message":"Cannot convert undefined or null to object","timestamp":"2023-07-19T07:45:32.993Z"}
{"level":"\u001b[31merror\u001b[39m","message":"Cannot read properties of undefined (reading 'status')","timestamp":"2023-07-21T09:42:12.025Z"}
{"level":"\u001b[31merror\u001b[39m","message":"Cannot read properties of undefined (reading 'status')","timestamp":"2023-07-21T09:44:23.473Z"}
{"level":"\u001b[31merror\u001b[39m","message":"Cannot read properties of undefined (reading 'status')","timestamp":"2023-07-21T09:56:12.376Z"}
{"level":"\u001b[31merror\u001b[39m","message":"Cannot read properties of undefined (reading 'status')","timestamp":"2023-07-21T09:57:49.613Z"}
{"level":"\u001b[31merror\u001b[39m","message":"Cannot read properties of undefined (reading 'status')","timestamp":"2023-07-21T09:58:24.678Z"}
{"level":"\u001b[31merror\u001b[39m","message":"Cannot set headers after they are sent to the client","timestamp":"2023-10-23T11:36:50.254Z"}
{"level":"\u001b[31merror\u001b[39m","message":"Cannot set headers after they are sent to the client","timestamp":"2023-10-23T12:25:18.261Z"}
{"level":"\u001b[31merror\u001b[39m","message":"Cannot set headers after they are sent to the client","timestamp":"2023-10-23T12:26:56.545Z"}
{"level":"\u001b[31merror\u001b[39m","message":"Cannot set headers after they are sent to the client","timestamp":"2023-10-23T12:28:04.208Z"}
{"level":"\u001b[31merror\u001b[39m","message":"Cannot set headers after they are sent to the client","timestamp":"2023-10-23T12:31:07.485Z"}
{"level":"\u001b[31merror\u001b[39m","message":"Cannot set headers after they are sent to the client","timestamp":"2023-10-23T12:31:46.286Z"}
{"level":"\u001b[31merror\u001b[39m","message":"Cannot set headers after they are sent to the client","timestamp":"2023-10-23T12:32:46.184Z"}
{"level":"\u001b[31merror\u001b[39m","message":"Cannot set headers after they are sent to the client","timestamp":"2023-10-23T12:32:53.646Z"}
{"level":"\u001b[31merror\u001b[39m","message":"Invalid status code: 1","timestamp":"2023-12-05T11:18:29.736Z"}
{"level":"\u001b[31merror\u001b[39m","message":"Invalid status code: 1","timestamp":"2023-12-05T11:20:25.328Z"}
{"level":"\u001b[31merror\u001b[39m","message":"Invalid status code: 1","timestamp":"2023-12-05T11:21:47.100Z"}
{"level":"\u001b[31merror\u001b[39m","message":"Invalid status code: 1","timestamp":"2023-12-05T11:21:53.987Z"}
{"level":"\u001b[31merror\u001b[39m","message":"Invalid status code: 1","timestamp":"2023-12-05T11:24:48.749Z"}
{"level":"\u001b[31merror\u001b[39m","message":"Invalid status code: 1","timestamp":"2023-12-05T11:28:11.246Z"}
{"level":"\u001b[31merror\u001b[39m","message":"Invalid status code: 1","timestamp":"2023-12-05T11:28:50.574Z"}
{"level":"\u001b[31merror\u001b[39m","message":"Invalid status code: 1","timestamp":"2023-12-05T12:13:26.227Z"}
{"level":"\u001b[31merror\u001b[39m","message":"Invalid status code: 1","timestamp":"2023-12-05T12:14:37.352Z"}
{"level":"\u001b[31merror\u001b[39m","message":"Invalid status code: 1","timestamp":"2023-12-05T12:15:12.614Z"}
{"level":"\u001b[31merror\u001b[39m","message":"Invalid status code: 1","timestamp":"2023-12-05T12:15:23.881Z"}
{"level":"\u001b[31merror\u001b[39m","message":"Invalid status code: 1","timestamp":"2023-12-05T12:15:42.671Z"}
{"level":"\u001b[31merror\u001b[39m","message":"Invalid status code: 1","timestamp":"2023-12-05T12:18:27.974Z"}
{"level":"\u001b[31merror\u001b[39m","message":"Invalid status code: 1","timestamp":"2023-12-05T12:18:54.404Z"}
{"level":"\u001b[31merror\u001b[39m","message":"Invalid status code: 1","timestamp":"2023-12-05T12:19:15.075Z"}
{"level":"\u001b[31merror\u001b[39m","message":"Invalid status code: 1","timestamp":"2023-12-05T12:20:06.898Z"}
{"level":"\u001b[31merror\u001b[39m","message":"Invalid status code: 1","timestamp":"2023-12-05T12:20:28.094Z"}
{"level":"\u001b[31merror\u001b[39m","message":"Invalid status code: 1","timestamp":"2023-12-05T12:20:39.420Z"}
{"level":"\u001b[31merror\u001b[39m","message":"Invalid status code: 1","timestamp":"2023-12-05T12:20:58.963Z"}
{"level":"\u001b[31merror\u001b[39m","message":"Invalid status code: 1","timestamp":"2023-12-05T12:24:34.382Z"}
{"level":"\u001b[31merror\u001b[39m","message":"Invalid status code: 1","timestamp":"2023-12-05T12:25:05.915Z"}
{"level":"\u001b[31merror\u001b[39m","message":"Invalid status code: 1","timestamp":"2023-12-05T12:25:13.349Z"}
{"level":"\u001b[31merror\u001b[39m","message":"Invalid status code: 1","timestamp":"2023-12-05T12:25:32.911Z"}
{"level":"\u001b[31merror\u001b[39m","message":"Invalid status code: 1","timestamp":"2023-12-05T12:25:43.951Z"}
{"level":"\u001b[31merror\u001b[39m","message":"Invalid status code: 1","timestamp":"2023-12-05T12:25:57.758Z"}
{"level":"\u001b[31merror\u001b[39m","message":"Invalid status code: 1","timestamp":"2023-12-05T12:26:37.895Z"}
{"level":"\u001b[31merror\u001b[39m","message":"Invalid status code: 1","timestamp":"2023-12-05T12:27:22.577Z"}
{"level":"\u001b[31merror\u001b[39m","message":"Invalid status code: 1","timestamp":"2023-12-05T12:29:14.025Z"}
{"level":"\u001b[31merror\u001b[39m","message":"Invalid status code: 1","timestamp":"2023-12-05T12:29:44.962Z"}
{"level":"\u001b[31merror\u001b[39m","message":"Invalid status code: 1","timestamp":"2023-12-05T12:30:30.408Z"}
{"level":"\u001b[31merror\u001b[39m","message":"Invalid status code: 1","timestamp":"2023-12-05T12:30:41.850Z"}
{"level":"\u001b[31merror\u001b[39m","message":"Invalid status code: 1","timestamp":"2023-12-05T12:33:28.543Z"}
{"level":"\u001b[31merror\u001b[39m","message":"Invalid status code: 1","timestamp":"2023-12-05T12:40:49.044Z"}
{"level":"\u001b[31merror\u001b[39m","message":"Invalid status code: 1","timestamp":"2023-12-05T12:41:22.979Z"}
{"level":"\u001b[31merror\u001b[39m","message":"Invalid status code: 1","timestamp":"2023-12-05T12:42:21.632Z"}
{"level":"\u001b[31merror\u001b[39m","message":"Invalid status code: 1","timestamp":"2023-12-05T12:43:21.860Z"}
{"level":"\u001b[31merror\u001b[39m","message":"Invalid status code: 1","timestamp":"2023-12-05T12:43:30.969Z"}
{"level":"\u001b[31merror\u001b[39m","message":"error:1C80006B:Provider routines::wrong final block length","timestamp":"2024-02-08T11:19:41.302Z"}
{"level":"\u001b[31merror\u001b[39m","message":"error:1C80006B:Provider routines::wrong final block length","timestamp":"2024-02-08T11:23:16.264Z"}
{"level":"\u001b[31merror\u001b[39m","message":"error:1C80006B:Provider routines::wrong final block length","timestamp":"2024-02-08T11:23:54.347Z"}
{"level":"\u001b[31merror\u001b[39m","message":"error:1C80006B:Provider routines::wrong final block length","timestamp":"2024-02-08T11:24:53.081Z"}
{"level":"\u001b[31merror\u001b[39m","message":"error:1C80006B:Provider routines::wrong final block length","timestamp":"2024-02-08T11:25:15.339Z"}
{"level":"\u001b[31merror\u001b[39m","message":"error:1C80006B:Provider routines::wrong final block length","timestamp":"2024-02-08T11:25:52.089Z"}
{"level":"\u001b[31merror\u001b[39m","message":"error:1C80006B:Provider routines::wrong final block length","timestamp":"2024-02-08T11:26:02.786Z"}
{"level":"\u001b[31merror\u001b[39m","message":"error:1C80006B:Provider routines::wrong final block length","timestamp":"2024-02-08T11:26:13.927Z"}
{"level":"\u001b[31merror\u001b[39m","message":"error:1C80006B:Provider routines::wrong final block length","timestamp":"2024-02-08T11:26:19.673Z"}
{"level":"\u001b[31merror\u001b[39m","message":"error:1C80006B:Provider routines::wrong final block length","timestamp":"2024-02-08T11:26:31.275Z"}
{"level":"\u001b[31merror\u001b[39m","message":"data is not defined","timestamp":"2024-02-08T12:59:16.016Z"}
{"level":"\u001b[31merror\u001b[39m","message":"data is not defined","timestamp":"2024-02-08T12:59:46.594Z"}
{"level":"\u001b[31merror\u001b[39m","message":"data is not defined","timestamp":"2024-02-08T13:00:05.171Z"}
{"level":"\u001b[31merror\u001b[39m","message":"Unexpected token s in JSON at position 0","timestamp":"2024-02-08T13:00:29.155Z"}
{"level":"\u001b[31merror\u001b[39m","message":"Unexpected token f in JSON at position 3","timestamp":"2024-02-08T13:02:07.893Z"}
{"level":"\u001b[31merror\u001b[39m","message":"Unexpected token f in JSON at position 3","timestamp":"2024-02-08T13:02:46.165Z"}
{"level":"\u001b[31merror\u001b[39m","message":"error:1C800064:Provider routines::bad decrypt","timestamp":"2024-02-09T05:27:09.539Z"}
{"level":"\u001b[31merror\u001b[39m","message":"error:1C800064:Provider routines::bad decrypt","timestamp":"2024-02-09T05:27:32.775Z"}
{"level":"\u001b[31merror\u001b[39m","message":"Unexpected end of JSON input","timestamp":"2024-02-09T10:54:07.685Z"}
{"level":"\u001b[31merror\u001b[39m","message":"Unexpected token f in JSON at position 5","timestamp":"2024-02-09T10:55:16.575Z"}
{"level":"\u001b[31merror\u001b[39m","message":"Unexpected token f in JSON at position 5","timestamp":"2024-02-09T10:56:02.734Z"}
{"level":"\u001b[31merror\u001b[39m","message":"ENC_IV is not defined","timestamp":"2024-02-09T10:59:39.069Z"}
{"level":"\u001b[31merror\u001b[39m","message":"Malformed UTF-8 data","timestamp":"2024-02-15T07:26:46.301Z"}
{"level":"\u001b[31merror\u001b[39m","message":"Malformed UTF-8 data","timestamp":"2024-02-15T07:26:48.598Z"}
{"level":"\u001b[31merror\u001b[39m","message":"Malformed UTF-8 data","timestamp":"2024-02-15T07:26:58.708Z"}
